22-04-14 20:24:20.1025765 pid:3580 tid:12 sqltools Critical: 0 : Exception in IntelliCode extension for Microsoft SQL Language Server: System.OperationCanceledException: The operation was canceled.
   at System.Threading.CancellationToken.ThrowOperationCanceledException()
   at Microsoft.VisualStudio.IntelliCode.SQL.PythiaService.GetRecommendationsAsync(ConnectionInfo connInfo, ScriptDocumentInfo scriptDocumentInfo, CompletionItem[] completions, CancellationToken cancellationToken)
   at Microsoft.VisualStudio.IntelliCode.SQL.CompletionExtension.HandleCompletionAsync(ConnectionInfo connInfo, ScriptDocumentInfo scriptDocumentInfo, CompletionItem[] completions, CancellationToken token)
22-04-14 20:24:24.7612934 pid:3580 tid:12 sqltools Critical: 0 : Exception in IntelliCode extension for Microsoft SQL Language Server: System.OperationCanceledException: The operation was canceled.
   at System.Threading.CancellationToken.ThrowOperationCanceledException()
   at Microsoft.VisualStudio.IntelliCode.SQL.PythiaService.GetRecommendationsFromTokens(Stopwatch watch, IEnumerable`1 tokens, CompletionItem[] completions, CancellationToken cancellationToken)
   at Microsoft.VisualStudio.IntelliCode.SQL.PythiaService.GetRecommendationsAsync(ConnectionInfo connInfo, ScriptDocumentInfo scriptDocumentInfo, CompletionItem[] completions, CancellationToken cancellationToken)
   at Microsoft.VisualStudio.IntelliCode.SQL.CompletionExtension.HandleCompletionAsync(ConnectionInfo connInfo, ScriptDocumentInfo scriptDocumentInfo, CompletionItem[] completions, CancellationToken token)
22-04-14 20:24:27.2618897 pid:3580 tid:12 sqltools Critical: 0 : Exception in IntelliCode extension for Microsoft SQL Language Server: System.OperationCanceledException: The operation was canceled.
   at System.Threading.CancellationToken.ThrowOperationCanceledException()
   at Microsoft.VisualStudio.IntelliCode.SQL.PythiaService.GetRecommendationsFromTokens(Stopwatch watch, IEnumerable`1 tokens, CompletionItem[] completions, CancellationToken cancellationToken)
   at Microsoft.VisualStudio.IntelliCode.SQL.PythiaService.GetRecommendationsAsync(ConnectionInfo connInfo, ScriptDocumentInfo scriptDocumentInfo, CompletionItem[] completions, CancellationToken cancellationToken)
   at Microsoft.VisualStudio.IntelliCode.SQL.CompletionExtension.HandleCompletionAsync(ConnectionInfo connInfo, ScriptDocumentInfo scriptDocumentInfo, CompletionItem[] completions, CancellationToken token)
22-04-14 20:24:30.4890989 pid:3580 tid:12 sqltools Critical: 0 : Exception in IntelliCode extension for Microsoft SQL Language Server: System.OperationCanceledException: The operation was canceled.
   at System.Threading.CancellationToken.ThrowOperationCanceledException()
   at Microsoft.VisualStudio.IntelliCode.SQL.PythiaService.GetRecommendationsFromTokens(Stopwatch watch, IEnumerable`1 tokens, CompletionItem[] completions, CancellationToken cancellationToken)
   at Microsoft.VisualStudio.IntelliCode.SQL.PythiaService.GetRecommendationsAsync(ConnectionInfo connInfo, ScriptDocumentInfo scriptDocumentInfo, CompletionItem[] completions, CancellationToken cancellationToken)
   at Microsoft.VisualStudio.IntelliCode.SQL.CompletionExtension.HandleCompletionAsync(ConnectionInfo connInfo, ScriptDocumentInfo scriptDocumentInfo, CompletionItem[] completions, CancellationToken token)
22-04-14 20:24:32.4447735 pid:3580 tid:12 sqltools Critical: 0 : Exception in IntelliCode extension for Microsoft SQL Language Server: System.OperationCanceledException: The operation was canceled.
   at System.Threading.CancellationToken.ThrowOperationCanceledException()
   at Microsoft.VisualStudio.IntelliCode.SQL.PythiaService.GetRecommendationsFromTokens(Stopwatch watch, IEnumerable`1 tokens, CompletionItem[] completions, CancellationToken cancellationToken)
   at Microsoft.VisualStudio.IntelliCode.SQL.PythiaService.GetRecommendationsAsync(ConnectionInfo connInfo, ScriptDocumentInfo scriptDocumentInfo, CompletionItem[] completions, CancellationToken cancellationToken)
   at Microsoft.VisualStudio.IntelliCode.SQL.CompletionExtension.HandleCompletionAsync(ConnectionInfo connInfo, ScriptDocumentInfo scriptDocumentInfo, CompletionItem[] completions, CancellationToken token)
22-04-14 20:25:00.1001456 pid:3580 tid:12 sqltools Critical: 0 : Exception in IntelliCode extension for Microsoft SQL Language Server: System.OperationCanceledException: The operation was canceled.
   at System.Threading.CancellationToken.ThrowOperationCanceledException()
   at Microsoft.VisualStudio.IntelliCode.SQL.PythiaService.GetRecommendationsFromTokens(Stopwatch watch, IEnumerable`1 tokens, CompletionItem[] completions, CancellationToken cancellationToken)
   at Microsoft.VisualStudio.IntelliCode.SQL.PythiaService.GetRecommendationsAsync(ConnectionInfo connInfo, ScriptDocumentInfo scriptDocumentInfo, CompletionItem[] completions, CancellationToken cancellationToken)
   at Microsoft.VisualStudio.IntelliCode.SQL.CompletionExtension.HandleCompletionAsync(ConnectionInfo connInfo, ScriptDocumentInfo scriptDocumentInfo, CompletionItem[] completions, CancellationToken token)
22-04-14 20:25:51.6442508 pid:3580 tid:12 sqltools Critical: 0 : Exception in IntelliCode extension for Microsoft SQL Language Server: System.OperationCanceledException: The operation was canceled.
   at System.Threading.CancellationToken.ThrowOperationCanceledException()
   at Microsoft.VisualStudio.IntelliCode.SQL.PythiaService.GetRecommendationsFromTokens(Stopwatch watch, IEnumerable`1 tokens, CompletionItem[] completions, CancellationToken cancellationToken)
   at Microsoft.VisualStudio.IntelliCode.SQL.PythiaService.GetRecommendationsAsync(ConnectionInfo connInfo, ScriptDocumentInfo scriptDocumentInfo, CompletionItem[] completions, CancellationToken cancellationToken)
   at Microsoft.VisualStudio.IntelliCode.SQL.CompletionExtension.HandleCompletionAsync(ConnectionInfo connInfo, ScriptDocumentInfo scriptDocumentInfo, CompletionItem[] completions, CancellationToken token)
22-04-14 20:26:57.8556317 pid:3580 tid:12 sqltools Critical: 0 : Exception in IntelliCode extension for Microsoft SQL Language Server: System.OperationCanceledException: The operation was canceled.
   at System.Threading.CancellationToken.ThrowOperationCanceledException()
   at Microsoft.VisualStudio.IntelliCode.SQL.PythiaService.GetRecommendationsFromTokens(Stopwatch watch, IEnumerable`1 tokens, CompletionItem[] completions, CancellationToken cancellationToken)
   at Microsoft.VisualStudio.IntelliCode.SQL.PythiaService.GetRecommendationsAsync(ConnectionInfo connInfo, ScriptDocumentInfo scriptDocumentInfo, CompletionItem[] completions, CancellationToken cancellationToken)
   at Microsoft.VisualStudio.IntelliCode.SQL.CompletionExtension.HandleCompletionAsync(ConnectionInfo connInfo, ScriptDocumentInfo scriptDocumentInfo, CompletionItem[] completions, CancellationToken token)
22-04-14 20:27:11.1449121 pid:3580 tid:12 sqltools Critical: 0 : Exception in IntelliCode extension for Microsoft SQL Language Server: System.OperationCanceledException: The operation was canceled.
   at System.Threading.CancellationToken.ThrowOperationCanceledException()
   at Microsoft.VisualStudio.IntelliCode.SQL.PythiaService.GetRecommendationsFromTokens(Stopwatch watch, IEnumerable`1 tokens, CompletionItem[] completions, CancellationToken cancellationToken)
   at Microsoft.VisualStudio.IntelliCode.SQL.PythiaService.GetRecommendationsAsync(ConnectionInfo connInfo, ScriptDocumentInfo scriptDocumentInfo, CompletionItem[] completions, CancellationToken cancellationToken)
   at Microsoft.VisualStudio.IntelliCode.SQL.CompletionExtension.HandleCompletionAsync(ConnectionInfo connInfo, ScriptDocumentInfo scriptDocumentInfo, CompletionItem[] completions, CancellationToken token)
22-04-14 20:27:23.4664624 pid:3580 tid:12 sqltools Critical: 0 : Exception in IntelliCode extension for Microsoft SQL Language Server: System.OperationCanceledException: The operation was canceled.
   at System.Threading.CancellationToken.ThrowOperationCanceledException()
   at Microsoft.VisualStudio.IntelliCode.SQL.PythiaService.GetRecommendationsFromTokens(Stopwatch watch, IEnumerable`1 tokens, CompletionItem[] completions, CancellationToken cancellationToken)
   at Microsoft.VisualStudio.IntelliCode.SQL.PythiaService.GetRecommendationsAsync(ConnectionInfo connInfo, ScriptDocumentInfo scriptDocumentInfo, CompletionItem[] completions, CancellationToken cancellationToken)
   at Microsoft.VisualStudio.IntelliCode.SQL.CompletionExtension.HandleCompletionAsync(ConnectionInfo connInfo, ScriptDocumentInfo scriptDocumentInfo, CompletionItem[] completions, CancellationToken token)
22-04-14 20:27:44.7306360 pid:3580 tid:12 sqltools Critical: 0 : Exception in IntelliCode extension for Microsoft SQL Language Server: System.OperationCanceledException: The operation was canceled.
   at System.Threading.CancellationToken.ThrowOperationCanceledException()
   at Microsoft.VisualStudio.IntelliCode.SQL.PythiaService.GetRecommendationsFromTokens(Stopwatch watch, IEnumerable`1 tokens, CompletionItem[] completions, CancellationToken cancellationToken)
   at Microsoft.VisualStudio.IntelliCode.SQL.PythiaService.GetRecommendationsAsync(ConnectionInfo connInfo, ScriptDocumentInfo scriptDocumentInfo, CompletionItem[] completions, CancellationToken cancellationToken)
   at Microsoft.VisualStudio.IntelliCode.SQL.CompletionExtension.HandleCompletionAsync(ConnectionInfo connInfo, ScriptDocumentInfo scriptDocumentInfo, CompletionItem[] completions, CancellationToken token)
22-04-14 20:27:47.0235951 pid:3580 tid:12 sqltools Critical: 0 : Exception in IntelliCode extension for Microsoft SQL Language Server: System.OperationCanceledException: The operation was canceled.
   at System.Threading.CancellationToken.ThrowOperationCanceledException()
   at Microsoft.VisualStudio.IntelliCode.SQL.PythiaService.GetRecommendationsFromTokens(Stopwatch watch, IEnumerable`1 tokens, CompletionItem[] completions, CancellationToken cancellationToken)
   at Microsoft.VisualStudio.IntelliCode.SQL.PythiaService.GetRecommendationsAsync(ConnectionInfo connInfo, ScriptDocumentInfo scriptDocumentInfo, CompletionItem[] completions, CancellationToken cancellationToken)
   at Microsoft.VisualStudio.IntelliCode.SQL.CompletionExtension.HandleCompletionAsync(ConnectionInfo connInfo, ScriptDocumentInfo scriptDocumentInfo, CompletionItem[] completions, CancellationToken token)
22-04-14 20:27:50.3379949 pid:3580 tid:12 sqltools Critical: 0 : Exception in IntelliCode extension for Microsoft SQL Language Server: System.OperationCanceledException: The operation was canceled.
   at System.Threading.CancellationToken.ThrowOperationCanceledException()
   at Microsoft.VisualStudio.IntelliCode.SQL.PythiaService.GetRecommendationsFromTokens(Stopwatch watch, IEnumerable`1 tokens, CompletionItem[] completions, CancellationToken cancellationToken)
   at Microsoft.VisualStudio.IntelliCode.SQL.PythiaService.GetRecommendationsAsync(ConnectionInfo connInfo, ScriptDocumentInfo scriptDocumentInfo, CompletionItem[] completions, CancellationToken cancellationToken)
   at Microsoft.VisualStudio.IntelliCode.SQL.CompletionExtension.HandleCompletionAsync(ConnectionInfo connInfo, ScriptDocumentInfo scriptDocumentInfo, CompletionItem[] completions, CancellationToken token)
22-04-14 20:29:12.7541029 pid:3580 tid:12 sqltools Critical: 0 : Exception in IntelliCode extension for Microsoft SQL Language Server: System.OperationCanceledException: The operation was canceled.
   at System.Threading.CancellationToken.ThrowOperationCanceledException()
   at Microsoft.VisualStudio.IntelliCode.SQL.PythiaService.GetRecommendationsFromTokens(Stopwatch watch, IEnumerable`1 tokens, CompletionItem[] completions, CancellationToken cancellationToken)
   at Microsoft.VisualStudio.IntelliCode.SQL.PythiaService.GetRecommendationsAsync(ConnectionInfo connInfo, ScriptDocumentInfo scriptDocumentInfo, CompletionItem[] completions, CancellationToken cancellationToken)
   at Microsoft.VisualStudio.IntelliCode.SQL.CompletionExtension.HandleCompletionAsync(ConnectionInfo connInfo, ScriptDocumentInfo scriptDocumentInfo, CompletionItem[] completions, CancellationToken token)
22-04-14 20:29:17.7050876 pid:3580 tid:12 sqltools Critical: 0 : Exception in IntelliCode extension for Microsoft SQL Language Server: System.OperationCanceledException: The operation was canceled.
   at System.Threading.CancellationToken.ThrowOperationCanceledException()
   at Microsoft.VisualStudio.IntelliCode.SQL.PythiaService.GetRecommendationsFromTokens(Stopwatch watch, IEnumerable`1 tokens, CompletionItem[] completions, CancellationToken cancellationToken)
   at Microsoft.VisualStudio.IntelliCode.SQL.PythiaService.GetRecommendationsAsync(ConnectionInfo connInfo, ScriptDocumentInfo scriptDocumentInfo, CompletionItem[] completions, CancellationToken cancellationToken)
   at Microsoft.VisualStudio.IntelliCode.SQL.CompletionExtension.HandleCompletionAsync(ConnectionInfo connInfo, ScriptDocumentInfo scriptDocumentInfo, CompletionItem[] completions, CancellationToken token)
22-04-14 20:29:21.9940197 pid:3580 tid:12 sqltools Critical: 0 : Exception in IntelliCode extension for Microsoft SQL Language Server: System.OperationCanceledException: The operation was canceled.
   at System.Threading.CancellationToken.ThrowOperationCanceledException()
   at Microsoft.VisualStudio.IntelliCode.SQL.PythiaService.GetRecommendationsFromTokens(Stopwatch watch, IEnumerable`1 tokens, CompletionItem[] completions, CancellationToken cancellationToken)
   at Microsoft.VisualStudio.IntelliCode.SQL.PythiaService.GetRecommendationsAsync(ConnectionInfo connInfo, ScriptDocumentInfo scriptDocumentInfo, CompletionItem[] completions, CancellationToken cancellationToken)
   at Microsoft.VisualStudio.IntelliCode.SQL.CompletionExtension.HandleCompletionAsync(ConnectionInfo connInfo, ScriptDocumentInfo scriptDocumentInfo, CompletionItem[] completions, CancellationToken token)
22-04-14 20:29:24.0303658 pid:3580 tid:12 sqltools Critical: 0 : Exception in IntelliCode extension for Microsoft SQL Language Server: System.OperationCanceledException: The operation was canceled.
   at System.Threading.CancellationToken.ThrowOperationCanceledException()
   at Microsoft.VisualStudio.IntelliCode.SQL.PythiaService.GetRecommendationsFromTokens(Stopwatch watch, IEnumerable`1 tokens, CompletionItem[] completions, CancellationToken cancellationToken)
   at Microsoft.VisualStudio.IntelliCode.SQL.PythiaService.GetRecommendationsAsync(ConnectionInfo connInfo, ScriptDocumentInfo scriptDocumentInfo, CompletionItem[] completions, CancellationToken cancellationToken)
   at Microsoft.VisualStudio.IntelliCode.SQL.CompletionExtension.HandleCompletionAsync(ConnectionInfo connInfo, ScriptDocumentInfo scriptDocumentInfo, CompletionItem[] completions, CancellationToken token)
22-04-14 20:29:27.0754447 pid:3580 tid:12 sqltools Critical: 0 : Exception in IntelliCode extension for Microsoft SQL Language Server: System.OperationCanceledException: The operation was canceled.
   at System.Threading.CancellationToken.ThrowOperationCanceledException()
   at Microsoft.VisualStudio.IntelliCode.SQL.PythiaService.GetRecommendationsFromTokens(Stopwatch watch, IEnumerable`1 tokens, CompletionItem[] completions, CancellationToken cancellationToken)
   at Microsoft.VisualStudio.IntelliCode.SQL.PythiaService.GetRecommendationsAsync(ConnectionInfo connInfo, ScriptDocumentInfo scriptDocumentInfo, CompletionItem[] completions, CancellationToken cancellationToken)
   at Microsoft.VisualStudio.IntelliCode.SQL.CompletionExtension.HandleCompletionAsync(ConnectionInfo connInfo, ScriptDocumentInfo scriptDocumentInfo, CompletionItem[] completions, CancellationToken token)
22-04-14 20:29:57.2240028 pid:3580 tid:12 sqltools Critical: 0 : Exception in IntelliCode extension for Microsoft SQL Language Server: System.OperationCanceledException: The operation was canceled.
   at System.Threading.CancellationToken.ThrowOperationCanceledException()
   at Microsoft.VisualStudio.IntelliCode.SQL.PythiaService.GetRecommendationsFromTokens(Stopwatch watch, IEnumerable`1 tokens, CompletionItem[] completions, CancellationToken cancellationToken)
   at Microsoft.VisualStudio.IntelliCode.SQL.PythiaService.GetRecommendationsAsync(ConnectionInfo connInfo, ScriptDocumentInfo scriptDocumentInfo, CompletionItem[] completions, CancellationToken cancellationToken)
   at Microsoft.VisualStudio.IntelliCode.SQL.CompletionExtension.HandleCompletionAsync(ConnectionInfo connInfo, ScriptDocumentInfo scriptDocumentInfo, CompletionItem[] completions, CancellationToken token)
22-04-14 20:30:14.3373010 pid:3580 tid:12 sqltools Critical: 0 : Exception in IntelliCode extension for Microsoft SQL Language Server: System.OperationCanceledException: The operation was canceled.
   at System.Threading.CancellationToken.ThrowOperationCanceledException()
   at Microsoft.VisualStudio.IntelliCode.SQL.PythiaService.GetRecommendationsFromTokens(Stopwatch watch, IEnumerable`1 tokens, CompletionItem[] completions, CancellationToken cancellationToken)
   at Microsoft.VisualStudio.IntelliCode.SQL.PythiaService.GetRecommendationsAsync(ConnectionInfo connInfo, ScriptDocumentInfo scriptDocumentInfo, CompletionItem[] completions, CancellationToken cancellationToken)
   at Microsoft.VisualStudio.IntelliCode.SQL.CompletionExtension.HandleCompletionAsync(ConnectionInfo connInfo, ScriptDocumentInfo scriptDocumentInfo, CompletionItem[] completions, CancellationToken token)
22-04-14 20:30:17.2165254 pid:3580 tid:12 sqltools Critical: 0 : Exception in IntelliCode extension for Microsoft SQL Language Server: System.OperationCanceledException: The operation was canceled.
   at System.Threading.CancellationToken.ThrowOperationCanceledException()
   at Microsoft.VisualStudio.IntelliCode.SQL.PythiaService.GetRecommendationsFromTokens(Stopwatch watch, IEnumerable`1 tokens, CompletionItem[] completions, CancellationToken cancellationToken)
   at Microsoft.VisualStudio.IntelliCode.SQL.PythiaService.GetRecommendationsAsync(ConnectionInfo connInfo, ScriptDocumentInfo scriptDocumentInfo, CompletionItem[] completions, CancellationToken cancellationToken)
   at Microsoft.VisualStudio.IntelliCode.SQL.CompletionExtension.HandleCompletionAsync(ConnectionInfo connInfo, ScriptDocumentInfo scriptDocumentInfo, CompletionItem[] completions, CancellationToken token)
22-04-14 21:14:01.2683317 pid:3580 tid:12 sqltools Critical: 0 : Exception in IntelliCode extension for Microsoft SQL Language Server: System.OperationCanceledException: The operation was canceled.
   at System.Threading.CancellationToken.ThrowOperationCanceledException()
   at Microsoft.VisualStudio.IntelliCode.SQL.PythiaService.GetRecommendationsFromTokens(Stopwatch watch, IEnumerable`1 tokens, CompletionItem[] completions, CancellationToken cancellationToken)
   at Microsoft.VisualStudio.IntelliCode.SQL.PythiaService.GetRecommendationsAsync(ConnectionInfo connInfo, ScriptDocumentInfo scriptDocumentInfo, CompletionItem[] completions, CancellationToken cancellationToken)
   at Microsoft.VisualStudio.IntelliCode.SQL.CompletionExtension.HandleCompletionAsync(ConnectionInfo connInfo, ScriptDocumentInfo scriptDocumentInfo, CompletionItem[] completions, CancellationToken token)
22-04-14 21:17:28.4360878 pid:3580 tid:12 sqltools Critical: 0 : Exception in IntelliCode extension for Microsoft SQL Language Server: System.OperationCanceledException: The operation was canceled.
   at System.Threading.CancellationToken.ThrowOperationCanceledException()
   at Microsoft.VisualStudio.IntelliCode.SQL.PythiaService.GetRecommendationsFromTokens(Stopwatch watch, IEnumerable`1 tokens, CompletionItem[] completions, CancellationToken cancellationToken)
   at Microsoft.VisualStudio.IntelliCode.SQL.PythiaService.GetRecommendationsAsync(ConnectionInfo connInfo, ScriptDocumentInfo scriptDocumentInfo, CompletionItem[] completions, CancellationToken cancellationToken)
   at Microsoft.VisualStudio.IntelliCode.SQL.CompletionExtension.HandleCompletionAsync(ConnectionInfo connInfo, ScriptDocumentInfo scriptDocumentInfo, CompletionItem[] completions, CancellationToken token)
22-04-14 21:17:32.2970282 pid:3580 tid:12 sqltools Critical: 0 : Exception in IntelliCode extension for Microsoft SQL Language Server: System.OperationCanceledException: The operation was canceled.
   at System.Threading.CancellationToken.ThrowOperationCanceledException()
   at Microsoft.VisualStudio.IntelliCode.SQL.PythiaService.GetRecommendationsFromTokens(Stopwatch watch, IEnumerable`1 tokens, CompletionItem[] completions, CancellationToken cancellationToken)
   at Microsoft.VisualStudio.IntelliCode.SQL.PythiaService.GetRecommendationsAsync(ConnectionInfo connInfo, ScriptDocumentInfo scriptDocumentInfo, CompletionItem[] completions, CancellationToken cancellationToken)
   at Microsoft.VisualStudio.IntelliCode.SQL.CompletionExtension.HandleCompletionAsync(ConnectionInfo connInfo, ScriptDocumentInfo scriptDocumentInfo, CompletionItem[] completions, CancellationToken token)
22-04-14 21:29:18.9920946 pid:3580 tid:12 sqltools Critical: 0 : Exception in IntelliCode extension for Microsoft SQL Language Server: System.OperationCanceledException: The operation was canceled.
   at System.Threading.CancellationToken.ThrowOperationCanceledException()
   at Microsoft.VisualStudio.IntelliCode.SQL.PythiaService.GetRecommendationsFromTokens(Stopwatch watch, IEnumerable`1 tokens, CompletionItem[] completions, CancellationToken cancellationToken)
   at Microsoft.VisualStudio.IntelliCode.SQL.PythiaService.GetRecommendationsAsync(ConnectionInfo connInfo, ScriptDocumentInfo scriptDocumentInfo, CompletionItem[] completions, CancellationToken cancellationToken)
   at Microsoft.VisualStudio.IntelliCode.SQL.CompletionExtension.HandleCompletionAsync(ConnectionInfo connInfo, ScriptDocumentInfo scriptDocumentInfo, CompletionItem[] completions, CancellationToken token)
22-04-14 21:29:20.9012366 pid:3580 tid:12 sqltools Critical: 0 : Exception in IntelliCode extension for Microsoft SQL Language Server: System.OperationCanceledException: The operation was canceled.
   at System.Threading.CancellationToken.ThrowOperationCanceledException()
   at Microsoft.VisualStudio.IntelliCode.SQL.PythiaService.GetRecommendationsFromTokens(Stopwatch watch, IEnumerable`1 tokens, CompletionItem[] completions, CancellationToken cancellationToken)
   at Microsoft.VisualStudio.IntelliCode.SQL.PythiaService.GetRecommendationsAsync(ConnectionInfo connInfo, ScriptDocumentInfo scriptDocumentInfo, CompletionItem[] completions, CancellationToken cancellationToken)
   at Microsoft.VisualStudio.IntelliCode.SQL.CompletionExtension.HandleCompletionAsync(ConnectionInfo connInfo, ScriptDocumentInfo scriptDocumentInfo, CompletionItem[] completions, CancellationToken token)
22-04-14 21:29:22.6952494 pid:3580 tid:12 sqltools Critical: 0 : Exception in IntelliCode extension for Microsoft SQL Language Server: System.OperationCanceledException: The operation was canceled.
   at System.Threading.CancellationToken.ThrowOperationCanceledException()
   at Microsoft.VisualStudio.IntelliCode.SQL.PythiaService.GetRecommendationsFromTokens(Stopwatch watch, IEnumerable`1 tokens, CompletionItem[] completions, CancellationToken cancellationToken)
   at Microsoft.VisualStudio.IntelliCode.SQL.PythiaService.GetRecommendationsAsync(ConnectionInfo connInfo, ScriptDocumentInfo scriptDocumentInfo, CompletionItem[] completions, CancellationToken cancellationToken)
   at Microsoft.VisualStudio.IntelliCode.SQL.CompletionExtension.HandleCompletionAsync(ConnectionInfo connInfo, ScriptDocumentInfo scriptDocumentInfo, CompletionItem[] completions, CancellationToken token)
22-04-14 21:29:24.5903486 pid:3580 tid:12 sqltools Critical: 0 : Exception in IntelliCode extension for Microsoft SQL Language Server: System.OperationCanceledException: The operation was canceled.
   at System.Threading.CancellationToken.ThrowOperationCanceledException()
   at Microsoft.VisualStudio.IntelliCode.SQL.PythiaService.GetRecommendationsFromTokens(Stopwatch watch, IEnumerable`1 tokens, CompletionItem[] completions, CancellationToken cancellationToken)
   at Microsoft.VisualStudio.IntelliCode.SQL.PythiaService.GetRecommendationsAsync(ConnectionInfo connInfo, ScriptDocumentInfo scriptDocumentInfo, CompletionItem[] completions, CancellationToken cancellationToken)
   at Microsoft.VisualStudio.IntelliCode.SQL.CompletionExtension.HandleCompletionAsync(ConnectionInfo connInfo, ScriptDocumentInfo scriptDocumentInfo, CompletionItem[] completions, CancellationToken token)
22-04-14 21:29:26.3415830 pid:3580 tid:12 sqltools Critical: 0 : Exception in IntelliCode extension for Microsoft SQL Language Server: System.OperationCanceledException: The operation was canceled.
   at System.Threading.CancellationToken.ThrowOperationCanceledException()
   at Microsoft.VisualStudio.IntelliCode.SQL.PythiaService.GetRecommendationsFromTokens(Stopwatch watch, IEnumerable`1 tokens, CompletionItem[] completions, CancellationToken cancellationToken)
   at Microsoft.VisualStudio.IntelliCode.SQL.PythiaService.GetRecommendationsAsync(ConnectionInfo connInfo, ScriptDocumentInfo scriptDocumentInfo, CompletionItem[] completions, CancellationToken cancellationToken)
   at Microsoft.VisualStudio.IntelliCode.SQL.CompletionExtension.HandleCompletionAsync(ConnectionInfo connInfo, ScriptDocumentInfo scriptDocumentInfo, CompletionItem[] completions, CancellationToken token)
22-04-14 21:29:28.2690538 pid:3580 tid:12 sqltools Critical: 0 : Exception in IntelliCode extension for Microsoft SQL Language Server: System.OperationCanceledException: The operation was canceled.
   at System.Threading.CancellationToken.ThrowOperationCanceledException()
   at Microsoft.VisualStudio.IntelliCode.SQL.PythiaService.GetRecommendationsFromTokens(Stopwatch watch, IEnumerable`1 tokens, CompletionItem[] completions, CancellationToken cancellationToken)
   at Microsoft.VisualStudio.IntelliCode.SQL.PythiaService.GetRecommendationsAsync(ConnectionInfo connInfo, ScriptDocumentInfo scriptDocumentInfo, CompletionItem[] completions, CancellationToken cancellationToken)
   at Microsoft.VisualStudio.IntelliCode.SQL.CompletionExtension.HandleCompletionAsync(ConnectionInfo connInfo, ScriptDocumentInfo scriptDocumentInfo, CompletionItem[] completions, CancellationToken token)
22-04-14 21:29:29.9893833 pid:3580 tid:12 sqltools Critical: 0 : Exception in IntelliCode extension for Microsoft SQL Language Server: System.OperationCanceledException: The operation was canceled.
   at System.Threading.CancellationToken.ThrowOperationCanceledException()
   at Microsoft.VisualStudio.IntelliCode.SQL.PythiaService.GetRecommendationsFromTokens(Stopwatch watch, IEnumerable`1 tokens, CompletionItem[] completions, CancellationToken cancellationToken)
   at Microsoft.VisualStudio.IntelliCode.SQL.PythiaService.GetRecommendationsAsync(ConnectionInfo connInfo, ScriptDocumentInfo scriptDocumentInfo, CompletionItem[] completions, CancellationToken cancellationToken)
   at Microsoft.VisualStudio.IntelliCode.SQL.CompletionExtension.HandleCompletionAsync(ConnectionInfo connInfo, ScriptDocumentInfo scriptDocumentInfo, CompletionItem[] completions, CancellationToken token)
22-04-14 21:29:31.9565932 pid:3580 tid:12 sqltools Critical: 0 : Exception in IntelliCode extension for Microsoft SQL Language Server: System.OperationCanceledException: The operation was canceled.
   at System.Threading.CancellationToken.ThrowOperationCanceledException()
   at Microsoft.VisualStudio.IntelliCode.SQL.PythiaService.GetRecommendationsFromTokens(Stopwatch watch, IEnumerable`1 tokens, CompletionItem[] completions, CancellationToken cancellationToken)
   at Microsoft.VisualStudio.IntelliCode.SQL.PythiaService.GetRecommendationsAsync(ConnectionInfo connInfo, ScriptDocumentInfo scriptDocumentInfo, CompletionItem[] completions, CancellationToken cancellationToken)
   at Microsoft.VisualStudio.IntelliCode.SQL.CompletionExtension.HandleCompletionAsync(ConnectionInfo connInfo, ScriptDocumentInfo scriptDocumentInfo, CompletionItem[] completions, CancellationToken token)
22-04-14 21:29:33.8213313 pid:3580 tid:12 sqltools Critical: 0 : Exception in IntelliCode extension for Microsoft SQL Language Server: System.OperationCanceledException: The operation was canceled.
   at System.Threading.CancellationToken.ThrowOperationCanceledException()
   at Microsoft.VisualStudio.IntelliCode.SQL.PythiaService.GetRecommendationsFromTokens(Stopwatch watch, IEnumerable`1 tokens, CompletionItem[] completions, CancellationToken cancellationToken)
   at Microsoft.VisualStudio.IntelliCode.SQL.PythiaService.GetRecommendationsAsync(ConnectionInfo connInfo, ScriptDocumentInfo scriptDocumentInfo, CompletionItem[] completions, CancellationToken cancellationToken)
   at Microsoft.VisualStudio.IntelliCode.SQL.CompletionExtension.HandleCompletionAsync(ConnectionInfo connInfo, ScriptDocumentInfo scriptDocumentInfo, CompletionItem[] completions, CancellationToken token)
22-04-14 21:29:35.4865172 pid:3580 tid:12 sqltools Critical: 0 : Exception in IntelliCode extension for Microsoft SQL Language Server: System.OperationCanceledException: The operation was canceled.
   at System.Threading.CancellationToken.ThrowOperationCanceledException()
   at Microsoft.VisualStudio.IntelliCode.SQL.PythiaService.GetRecommendationsFromTokens(Stopwatch watch, IEnumerable`1 tokens, CompletionItem[] completions, CancellationToken cancellationToken)
   at Microsoft.VisualStudio.IntelliCode.SQL.PythiaService.GetRecommendationsAsync(ConnectionInfo connInfo, ScriptDocumentInfo scriptDocumentInfo, CompletionItem[] completions, CancellationToken cancellationToken)
   at Microsoft.VisualStudio.IntelliCode.SQL.CompletionExtension.HandleCompletionAsync(ConnectionInfo connInfo, ScriptDocumentInfo scriptDocumentInfo, CompletionItem[] completions, CancellationToken token)
22-04-14 21:29:37.4294594 pid:3580 tid:12 sqltools Critical: 0 : Exception in IntelliCode extension for Microsoft SQL Language Server: System.OperationCanceledException: The operation was canceled.
   at System.Threading.CancellationToken.ThrowOperationCanceledException()
   at Microsoft.VisualStudio.IntelliCode.SQL.PythiaService.GetRecommendationsFromTokens(Stopwatch watch, IEnumerable`1 tokens, CompletionItem[] completions, CancellationToken cancellationToken)
   at Microsoft.VisualStudio.IntelliCode.SQL.PythiaService.GetRecommendationsAsync(ConnectionInfo connInfo, ScriptDocumentInfo scriptDocumentInfo, CompletionItem[] completions, CancellationToken cancellationToken)
   at Microsoft.VisualStudio.IntelliCode.SQL.CompletionExtension.HandleCompletionAsync(ConnectionInfo connInfo, ScriptDocumentInfo scriptDocumentInfo, CompletionItem[] completions, CancellationToken token)
22-04-14 21:29:39.1525764 pid:3580 tid:12 sqltools Critical: 0 : Exception in IntelliCode extension for Microsoft SQL Language Server: System.OperationCanceledException: The operation was canceled.
   at System.Threading.CancellationToken.ThrowOperationCanceledException()
   at Microsoft.VisualStudio.IntelliCode.SQL.PythiaService.GetRecommendationsFromTokens(Stopwatch watch, IEnumerable`1 tokens, CompletionItem[] completions, CancellationToken cancellationToken)
   at Microsoft.VisualStudio.IntelliCode.SQL.PythiaService.GetRecommendationsAsync(ConnectionInfo connInfo, ScriptDocumentInfo scriptDocumentInfo, CompletionItem[] completions, CancellationToken cancellationToken)
   at Microsoft.VisualStudio.IntelliCode.SQL.CompletionExtension.HandleCompletionAsync(ConnectionInfo connInfo, ScriptDocumentInfo scriptDocumentInfo, CompletionItem[] completions, CancellationToken token)
22-04-14 21:29:41.0329261 pid:3580 tid:12 sqltools Critical: 0 : Exception in IntelliCode extension for Microsoft SQL Language Server: System.OperationCanceledException: The operation was canceled.
   at System.Threading.CancellationToken.ThrowOperationCanceledException()
   at Microsoft.VisualStudio.IntelliCode.SQL.PythiaService.GetRecommendationsFromTokens(Stopwatch watch, IEnumerable`1 tokens, CompletionItem[] completions, CancellationToken cancellationToken)
   at Microsoft.VisualStudio.IntelliCode.SQL.PythiaService.GetRecommendationsAsync(ConnectionInfo connInfo, ScriptDocumentInfo scriptDocumentInfo, CompletionItem[] completions, CancellationToken cancellationToken)
   at Microsoft.VisualStudio.IntelliCode.SQL.CompletionExtension.HandleCompletionAsync(ConnectionInfo connInfo, ScriptDocumentInfo scriptDocumentInfo, CompletionItem[] completions, CancellationToken token)
22-04-14 21:29:42.9912073 pid:3580 tid:12 sqltools Critical: 0 : Exception in IntelliCode extension for Microsoft SQL Language Server: System.OperationCanceledException: The operation was canceled.
   at System.Threading.CancellationToken.ThrowOperationCanceledException()
   at Microsoft.VisualStudio.IntelliCode.SQL.PythiaService.GetRecommendationsFromTokens(Stopwatch watch, IEnumerable`1 tokens, CompletionItem[] completions, CancellationToken cancellationToken)
   at Microsoft.VisualStudio.IntelliCode.SQL.PythiaService.GetRecommendationsAsync(ConnectionInfo connInfo, ScriptDocumentInfo scriptDocumentInfo, CompletionItem[] completions, CancellationToken cancellationToken)
   at Microsoft.VisualStudio.IntelliCode.SQL.CompletionExtension.HandleCompletionAsync(ConnectionInfo connInfo, ScriptDocumentInfo scriptDocumentInfo, CompletionItem[] completions, CancellationToken token)
22-04-14 21:29:44.7129830 pid:3580 tid:12 sqltools Critical: 0 : Exception in IntelliCode extension for Microsoft SQL Language Server: System.OperationCanceledException: The operation was canceled.
   at System.Threading.CancellationToken.ThrowOperationCanceledException()
   at Microsoft.VisualStudio.IntelliCode.SQL.PythiaService.GetRecommendationsFromTokens(Stopwatch watch, IEnumerable`1 tokens, CompletionItem[] completions, CancellationToken cancellationToken)
   at Microsoft.VisualStudio.IntelliCode.SQL.PythiaService.GetRecommendationsAsync(ConnectionInfo connInfo, ScriptDocumentInfo scriptDocumentInfo, CompletionItem[] completions, CancellationToken cancellationToken)
   at Microsoft.VisualStudio.IntelliCode.SQL.CompletionExtension.HandleCompletionAsync(ConnectionInfo connInfo, ScriptDocumentInfo scriptDocumentInfo, CompletionItem[] completions, CancellationToken token)
22-04-14 21:29:46.5280216 pid:3580 tid:12 sqltools Critical: 0 : Exception in IntelliCode extension for Microsoft SQL Language Server: System.OperationCanceledException: The operation was canceled.
   at System.Threading.CancellationToken.ThrowOperationCanceledException()
   at Microsoft.VisualStudio.IntelliCode.SQL.PythiaService.GetRecommendationsFromTokens(Stopwatch watch, IEnumerable`1 tokens, CompletionItem[] completions, CancellationToken cancellationToken)
   at Microsoft.VisualStudio.IntelliCode.SQL.PythiaService.GetRecommendationsAsync(ConnectionInfo connInfo, ScriptDocumentInfo scriptDocumentInfo, CompletionItem[] completions, CancellationToken cancellationToken)
   at Microsoft.VisualStudio.IntelliCode.SQL.CompletionExtension.HandleCompletionAsync(ConnectionInfo connInfo, ScriptDocumentInfo scriptDocumentInfo, CompletionItem[] completions, CancellationToken token)
22-04-14 21:29:48.5806481 pid:3580 tid:12 sqltools Critical: 0 : Exception in IntelliCode extension for Microsoft SQL Language Server: System.OperationCanceledException: The operation was canceled.
   at System.Threading.CancellationToken.ThrowOperationCanceledException()
   at Microsoft.VisualStudio.IntelliCode.SQL.PythiaService.GetRecommendationsFromTokens(Stopwatch watch, IEnumerable`1 tokens, CompletionItem[] completions, CancellationToken cancellationToken)
   at Microsoft.VisualStudio.IntelliCode.SQL.PythiaService.GetRecommendationsAsync(ConnectionInfo connInfo, ScriptDocumentInfo scriptDocumentInfo, CompletionItem[] completions, CancellationToken cancellationToken)
   at Microsoft.VisualStudio.IntelliCode.SQL.CompletionExtension.HandleCompletionAsync(ConnectionInfo connInfo, ScriptDocumentInfo scriptDocumentInfo, CompletionItem[] completions, CancellationToken token)
22-04-14 21:29:50.3714269 pid:3580 tid:12 sqltools Critical: 0 : Exception in IntelliCode extension for Microsoft SQL Language Server: System.OperationCanceledException: The operation was canceled.
   at System.Threading.CancellationToken.ThrowOperationCanceledException()
   at Microsoft.VisualStudio.IntelliCode.SQL.PythiaService.GetRecommendationsFromTokens(Stopwatch watch, IEnumerable`1 tokens, CompletionItem[] completions, CancellationToken cancellationToken)
   at Microsoft.V